[ww2.5movierulz.pe/index.html]
[backblue.gif]
[fade.gif]
[index.html]
[ww2.5movierulz.pe/wp-content/themes/parament/style.css]
[ww2.5movierulz.pe/wp-content/uploads/2023/01/Veera-Simha-Reddy-Trailer-Poster.jpg]
[ww2.5movierulz.pe/wp-content/uploads/2023/01/Waltair-Veerayya-Trailer-Poster.jpg]
[ww2.5movierulz.pe/wp-content/uploads/2022/12/HIT-2-The-2nd-Case-Telugu-Poster.jpg]
[ww2.5movierulz.pe/wp-content/uploads/2022/12/Laatti-Telugu-Image.jpg]
[ww2.5movierulz.pe/wp-content/uploads/2022/12/Connect-Telugu-Poster.jpg]
[ww2.5movierulz.pe/wp-content/uploads/2023/01/Unstoppable-Season-2-The-Bahubali-Part-2-Poster.jpg]
[ww2.5movierulz.pe/wp-content/uploads/2022/12/Dhamaka-Telugu-Poster.jpg]
[ww2.5movierulz.pe/wp-content/uploads/2023/01/Saudi-Vellakka-Telugu-Image.jpg]
[ww2.5movierulz.pe/wp-content/uploads/2022/12/Matti-Kusthi-Telugu-Poster.jpg]
[ww2.5movierulz.pe/wp-content/uploads/2022/12/18-Pages-Telugu-Poster.jpg]
[ww2.5movierulz.pe/wp-content/uploads/2023/01/Mumbai-Mafia-Police-vs-the-Underworld-Telugu-Poster.jpg]
[ww2.5movierulz.pe/wp-content/uploads/2023/01/Shefeekkinte-Santhosham-Poster.jpg]
[ww2.5movierulz.pe/wp-content/uploads/2023/01/Saudi-Vellakka-Malayalam-Image.jpg]
[ww2.5movierulz.pe/wp-content/uploads/2022/12/Top-Gear-Telugu-New-Poster.jpg]
[ww2.5movierulz.pe/wp-content/uploads/2023/01/Gold-Tamil-Poster.jpg]
[ww2.5movierulz.pe/wp-content/uploads/2023/01/The-Y-Hindi-Poster.jpg]
[ww2.5movierulz.pe/wp-content/uploads/2023/01/The-Ledge-Telugu-Poster.jpg]
[ww2.5movierulz.pe/wp-content/uploads/2022/11/Thai-Massage-Hindi-Poster.jpg]
[ww2.5movierulz.pe/wp-content/uploads/2023/01/Connect-Hindi-Poster.jpg]
[ww2.5movierulz.pe/wp-content/uploads/2023/01/Laththi-Hindi-Poster.jpg]
[ww2.5movierulz.pe/wp-content/uploads/2023/01/Laththi-Tamil-Poster.jpg]
[ww2.5movierulz.pe/wp-content/uploads/2023/01/Connect-Tamil-Poster.jpg]
[ajax.googleapis.com/ajax/libs/jquery/1.11.1/jquery.min.js]
[ajax.googleapis.com/ajax/libs/jquery/1.9.0/jquery.min.js]
[ww2.5movierulz.pe/wp-includes/js/wp-embed.min.js]
[ww2.5movierulz.pe/index.html]
[ww2.5movierulz.pe/wp-content/themes/parament/style.css]
